
> fake-arduino-iot@1.0.0 start
> node src/index.js

Fake Arduino at http://localhost:3000
2026-02-24T11:39:02.767Z - GET /humidity
2026-02-24T11:39:02.783Z - GET /temperature
2026-02-24T11:40:02.522Z - GET /humidity
2026-02-24T11:40:02.526Z - GET /temperature
2026-02-24T11:41:03.405Z - GET /humidity
2026-02-24T11:41:03.416Z - GET /temperature
2026-02-24T11:42:02.645Z - GET /humidity
2026-02-24T11:42:02.648Z - GET /temperature
2026-02-24T11:43:02.619Z - GET /humidity
2026-02-24T11:43:02.671Z - GET /temperature
2026-02-24T11:44:02.681Z - GET /humidity
2026-02-24T11:44:02.684Z - GET /temperature
2026-02-24T11:44:55.471Z - GET /humidity
2026-02-24T11:44:55.567Z - GET /temperature
2026-02-24T11:44:55.870Z - GET /humidity
2026-02-24T11:44:55.970Z - GET /temperature
2026-02-24T11:44:56.169Z - GET /humidity
2026-02-24T11:44:56.367Z - GET /temperature
2026-02-24T11:45:02.877Z - GET /humidity
2026-02-24T11:45:02.880Z - GET /temperature
2026-02-24T11:45:05.719Z - GET /humidity
2026-02-24T11:45:05.790Z - GET /temperature
2026-02-24T11:45:06.015Z - GET /humidity
2026-02-24T11:45:06.171Z - GET /temperature
2026-02-24T11:45:06.368Z - GET /humidity
2026-02-24T11:45:06.668Z - GET /temperature
2026-02-24T11:45:15.464Z - GET /humidity
2026-02-24T11:45:15.569Z - GET /humidity
2026-02-24T11:45:15.767Z - GET /humidity
2026-02-24T11:45:26.166Z - GET /humidity
2026-02-24T11:45:26.370Z - GET /humidity
2026-02-24T11:45:26.568Z - GET /humidity
2026-02-24T11:45:36.175Z - GET /humidity
2026-02-24T11:45:36.471Z - GET /humidity
2026-02-24T11:45:36.668Z - GET /humidity
2026-02-24T11:45:46.164Z - GET /humidity
2026-02-24T11:45:46.270Z - GET /humidity
2026-02-24T11:45:46.372Z - GET /humidity
2026-02-24T11:45:56.096Z - GET /humidity
2026-02-24T11:45:56.187Z - GET /humidity
2026-02-24T11:45:56.364Z - GET /humidity
2026-02-24T11:46:02.659Z - GET /humidity
2026-02-24T11:46:02.662Z - GET /temperature
2026-02-24T11:46:06.090Z - GET /humidity
2026-02-24T11:46:06.174Z - GET /humidity
2026-02-24T11:46:06.367Z - GET /humidity
2026-02-24T11:46:15.500Z - GET /humidity
2026-02-24T11:46:15.769Z - GET /humidity
2026-02-24T11:46:15.874Z - GET /humidity
2026-02-24T11:46:26.097Z - GET /humidity
2026-02-24T11:46:26.184Z - GET /humidity
2026-02-24T11:46:26.290Z - GET /humidity
2026-02-24T11:46:36.578Z - GET /humidity
2026-02-24T11:46:37.468Z - GET /humidity
2026-02-24T11:46:37.711Z - GET /humidity
2026-02-24T11:46:46.101Z - GET /humidity
2026-02-24T11:46:46.276Z - GET /humidity
2026-02-24T11:46:46.472Z - GET /humidity
2026-02-24T11:46:56.100Z - GET /humidity
2026-02-24T11:46:56.276Z - GET /humidity
2026-02-24T11:46:56.471Z - GET /humidity
2026-02-24T11:47:02.686Z - GET /humidity
2026-02-24T11:47:02.689Z - GET /temperature
2026-02-24T11:47:06.092Z - GET /humidity
2026-02-24T11:47:06.266Z - GET /humidity
2026-02-24T11:47:06.368Z - GET /humidity
2026-02-24T11:47:16.095Z - GET /humidity
2026-02-24T11:47:16.182Z - GET /humidity
2026-02-24T11:47:16.283Z - GET /humidity
2026-02-24T11:47:34.696Z - GET /humidity
2026-02-24T11:47:34.872Z - GET /humidity
2026-02-24T11:47:34.978Z - GET /humidity
2026-02-24T11:47:35.493Z - GET /humidity
2026-02-24T11:47:35.686Z - GET /humidity
2026-02-24T11:47:35.791Z - GET /humidity
2026-02-24T11:47:45.565Z - GET /humidity
2026-02-24T11:47:45.692Z - GET /humidity
2026-02-24T11:47:45.872Z - GET /humidity
2026-02-24T11:47:53.671Z - GET /temperature
2026-02-24T11:47:53.871Z - GET /temperature
2026-02-24T11:47:54.069Z - GET /temperature
2026-02-24T11:47:56.737Z - GET /humidity
2026-02-24T11:47:56.788Z - GET /humidity
2026-02-24T11:47:56.970Z - GET /humidity
2026-02-24T11:48:02.631Z - GET /humidity
2026-02-24T11:48:02.632Z - GET /temperature
2026-02-24T11:48:06.791Z - GET /humidity
2026-02-24T11:48:06.889Z - GET /humidity
2026-02-24T11:48:07.092Z - GET /humidity
2026-02-24T11:48:16.866Z - GET /humidity
2026-02-24T11:48:17.068Z - GET /humidity
2026-02-24T11:48:17.173Z - GET /humidity
2026-02-24T11:48:26.793Z - GET /humidity
2026-02-24T11:48:26.888Z - GET /humidity
2026-02-24T11:48:27.309Z - GET /humidity
2026-02-24T11:48:37.093Z - GET /humidity
2026-02-24T11:48:37.172Z - GET /humidity
2026-02-24T11:48:37.273Z - GET /humidity
2026-02-24T11:48:47.092Z - GET /humidity
2026-02-24T11:48:47.174Z - GET /humidity
2026-02-24T11:48:47.364Z - GET /humidity
2026-02-24T11:48:57.091Z - GET /humidity
2026-02-24T11:48:57.174Z - GET /humidity
2026-02-24T11:48:57.266Z - GET /humidity
2026-02-24T11:49:02.479Z - GET /humidity
2026-02-24T11:49:02.480Z - GET /temperature
2026-02-24T11:49:06.789Z - GET /humidity
2026-02-24T11:49:06.887Z - GET /humidity
2026-02-24T11:49:07.093Z - GET /humidity
2026-02-24T11:49:17.044Z - GET /humidity
2026-02-24T11:49:17.113Z - GET /humidity
2026-02-24T11:49:17.300Z - GET /humidity
2026-02-24T11:49:27.024Z - GET /humidity
2026-02-24T11:49:27.199Z - GET /humidity
2026-02-24T11:49:27.300Z - GET /humidity
2026-02-24T11:49:37.083Z - GET /humidity
2026-02-24T11:49:37.196Z - GET /humidity
2026-02-24T11:49:37.297Z - GET /humidity
2026-02-24T11:49:47.105Z - GET /humidity
2026-02-24T11:49:47.293Z - GET /humidity
2026-02-24T11:49:47.399Z - GET /humidity
2026-02-24T11:49:57.021Z - GET /humidity
2026-02-24T11:49:57.101Z - GET /humidity
2026-02-24T11:49:57.204Z - GET /humidity
2026-02-24T11:50:02.512Z - GET /temperature
2026-02-24T11:50:02.514Z - GET /humidity
2026-02-24T11:50:07.021Z - GET /humidity
2026-02-24T11:50:07.301Z - GET /humidity
2026-02-24T11:50:07.321Z - GET /humidity
2026-02-24T11:51:02.509Z - GET /humidity
2026-02-24T11:51:02.512Z - GET /temperature
2026-02-24T11:51:08.096Z - GET /humidity
2026-02-24T11:51:08.118Z - GET /humidity
2026-02-24T11:51:08.400Z - GET /humidity
2026-02-24T11:52:02.636Z - GET /humidity
2026-02-24T11:52:02.641Z - GET /temperature
2026-02-24T11:52:08.042Z - GET /humidity
2026-02-24T11:52:08.195Z - GET /humidity
2026-02-24T11:52:08.300Z - GET /humidity
2026-02-24T11:53:02.719Z - GET /humidity
2026-02-24T11:53:02.724Z - GET /temperature
2026-02-24T11:53:08.076Z - GET /humidity
2026-02-24T11:53:08.241Z - GET /humidity
2026-02-24T11:53:08.436Z - GET /humidity
2026-02-24T11:54:02.540Z - GET /humidity
2026-02-24T11:54:02.601Z - GET /temperature
2026-02-24T11:54:08.056Z - GET /humidity
2026-02-24T11:54:08.291Z - GET /humidity
2026-02-24T11:54:08.395Z - GET /humidity
2026-02-24T11:55:02.646Z - GET /humidity
2026-02-24T11:55:02.659Z - GET /temperature
2026-02-24T11:56:02.603Z - GET /humidity
2026-02-24T11:56:02.606Z - GET /temperature
2026-02-24T11:56:16.719Z - GET /humidity
2026-02-24T11:56:16.892Z - GET /humidity
2026-02-24T11:56:17.018Z - GET /humidity
2026-02-24T11:56:27.024Z - GET /humidity
2026-02-24T11:56:27.193Z - GET /humidity
2026-02-24T11:56:27.295Z - GET /humidity
2026-02-24T11:56:30.666Z - GET /humidity
2026-02-24T11:56:30.797Z - GET /humidity
2026-02-24T11:56:30.993Z - GET /humidity
2026-02-24T11:56:36.893Z - GET /temperature
2026-02-24T11:56:37.097Z - GET /humidity
2026-02-24T11:56:37.200Z - GET /temperature
2026-02-24T11:56:37.298Z - GET /humidity
2026-02-24T11:56:37.401Z - GET /temperature
2026-02-24T11:56:37.694Z - GET /humidity
2026-02-24T11:56:37.791Z - GET /temperature
2026-02-24T11:56:44.469Z - GET /temperature
2026-02-24T11:56:45.390Z - GET /temperature
2026-02-24T11:56:47.166Z - GET /humidity
2026-02-24T11:56:47.197Z - GET /temperature
2026-02-24T11:56:47.398Z - GET /temperature
2026-02-24T11:56:47.635Z - GET /humidity
2026-02-24T11:56:47.789Z - GET /temperature
2026-02-24T11:56:47.934Z - GET /humidity
2026-02-24T11:56:57.117Z - GET /temperature
2026-02-24T11:56:57.198Z - GET /humidity
2026-02-24T11:56:57.319Z - GET /temperature
2026-02-24T11:56:57.492Z - GET /humidity
2026-02-24T11:56:57.593Z - GET /temperature
2026-02-24T11:56:57.809Z - GET /humidity
2026-02-24T11:57:02.549Z - GET /humidity
2026-02-24T11:57:02.558Z - GET /temperature
2026-02-24T11:57:08.094Z - GET /temperature
2026-02-24T11:57:08.294Z - GET /humidity
2026-02-24T11:57:08.493Z - GET /temperature
2026-02-24T11:57:08.598Z - GET /humidity
2026-02-24T11:57:08.794Z - GET /temperature
2026-02-24T11:57:09.093Z - GET /humidity
2026-02-24T11:57:18.023Z - GET /humidity
2026-02-24T11:57:18.098Z - GET /temperature
2026-02-24T11:57:18.292Z - GET /humidity
2026-02-24T11:57:18.392Z - GET /temperature
2026-02-24T11:57:18.692Z - GET /humidity
2026-02-24T11:57:18.793Z - GET /temperature
2026-02-24T11:57:28.089Z - GET /humidity
2026-02-24T11:57:28.093Z - GET /temperature
2026-02-24T11:57:28.199Z - GET /humidity
2026-02-24T11:57:28.397Z - GET /temperature
2026-02-24T11:57:28.692Z - GET /humidity
2026-02-24T11:57:28.792Z - GET /temperature
2026-02-24T11:57:38.018Z - GET /temperature
2026-02-24T11:57:38.192Z - GET /humidity
2026-02-24T11:57:38.296Z - GET /temperature
2026-02-24T11:57:38.396Z - GET /humidity
2026-02-24T11:57:38.594Z - GET /temperature
2026-02-24T11:57:38.696Z - GET /humidity
2026-02-24T11:57:47.121Z - GET /temperature
2026-02-24T11:57:47.200Z - GET /humidity
2026-02-24T11:57:47.396Z - GET /temperature
2026-02-24T11:57:47.499Z - GET /humidity
2026-02-24T11:57:47.891Z - GET /temperature
2026-02-24T11:57:48.095Z - GET /humidity
2026-02-24T11:57:58.189Z - GET /humidity
2026-02-24T11:57:58.291Z - GET /temperature
2026-02-24T11:57:58.695Z - GET /humidity
2026-02-24T11:57:58.792Z - GET /temperature
2026-02-24T11:57:58.991Z - GET /humidity
2026-02-24T11:57:59.093Z - GET /temperature
2026-02-24T11:58:02.499Z - GET /humidity
2026-02-24T11:58:02.509Z - GET /temperature
2026-02-24T11:58:08.024Z - GET /humidity
2026-02-24T11:58:08.191Z - GET /humidity
2026-02-24T11:58:08.294Z - GET /humidity
2026-02-24T11:58:18.019Z - GET /humidity
2026-02-24T11:58:18.096Z - GET /humidity
2026-02-24T11:58:18.294Z - GET /humidity
2026-02-24T11:58:28.889Z - GET /humidity
2026-02-24T11:58:29.894Z - GET /temperature
2026-02-24T11:58:29.895Z - GET /temperature
2026-02-24T11:58:29.992Z - GET /temperature
2026-02-24T11:58:30.292Z - GET /humidity
2026-02-24T11:58:30.499Z - GET /humidity
2026-02-24T11:58:38.189Z - GET /temperature
2026-02-24T11:58:38.192Z - GET /humidity
2026-02-24T11:58:38.388Z - GET /temperature
2026-02-24T11:58:38.394Z - GET /temperature
2026-02-24T11:58:38.688Z - GET /humidity
2026-02-24T11:58:38.708Z - GET /humidity
2026-02-24T11:58:48.099Z - GET /temperature
2026-02-24T11:58:48.295Z - GET /temperature
2026-02-24T11:58:48.490Z - GET /temperature
2026-02-24T11:58:48.594Z - GET /humidity
2026-02-24T11:58:58.189Z - GET /temperature
2026-02-24T11:58:58.293Z - GET /temperature
2026-02-24T11:58:58.392Z - GET /temperature
2026-02-24T11:58:58.936Z - GET /temperature
2026-02-24T11:58:59.092Z - GET /temperature
2026-02-24T11:58:59.292Z - GET /temperature
2026-02-24T11:59:02.779Z - GET /humidity
2026-02-24T11:59:02.789Z - GET /temperature
2026-02-24T11:59:08.189Z - GET /humidity
2026-02-24T11:59:08.288Z - GET /temperature
2026-02-24T11:59:08.414Z - GET /temperature
2026-02-24T11:59:08.689Z - GET /temperature
2026-02-24T11:59:28.288Z - GET /humidity
2026-02-24T11:59:28.290Z - GET /humidity
2026-02-24T11:59:28.292Z - GET /humidity
2026-02-24T11:59:56.878Z - GET /humidity
2026-02-24T12:00:03.581Z - GET /humidity
2026-02-24T12:00:03.582Z - GET /temperature
2026-02-24T12:00:08.093Z - GET /humidity
2026-02-24T12:00:08.188Z - GET /temperature
2026-02-24T12:00:08.290Z - GET /humidity
2026-02-24T12:00:08.395Z - GET /temperature
2026-02-24T12:00:08.590Z - GET /humidity
2026-02-24T12:00:08.718Z - GET /temperature
2026-02-24T12:01:02.512Z - GET /humidity
2026-02-24T12:01:02.522Z - GET /temperature
2026-02-24T12:01:08.093Z - GET /temperature
2026-02-24T12:01:08.291Z - GET /humidity
2026-02-24T12:01:08.433Z - GET /temperature
2026-02-24T12:01:08.634Z - GET /humidity
2026-02-24T12:01:08.938Z - GET /temperature
2026-02-24T12:01:09.187Z - GET /humidity
2026-02-24T12:02:02.702Z - GET /humidity
2026-02-24T12:02:02.704Z - GET /temperature
2026-02-24T12:02:08.393Z - GET /temperature
2026-02-24T12:02:08.589Z - GET /humidity
2026-02-24T12:02:08.727Z - GET /temperature
2026-02-24T12:02:08.795Z - GET /humidity
2026-02-24T12:02:08.901Z - GET /temperature
2026-02-24T12:02:09.090Z - GET /humidity
